<?xml version="1.0" encoding="UTF-8"?>
<!-- Generated by org.testng.reporters.JUnitReportReporter -->
<testsuite hostname="LAPTOP-UQ8EBIPA" failures="0" tests="1" name="com.PracticeTest.MavenProject.SeleniumTest" time="0.012" errors="0" timestamp="2020-04-29T09:53:10 IST" skipped="0">
  <testcase classname="com.PracticeTest.MavenProject.SeleniumTest" name="Dummy1" time="0.012"/>
  <system-out/>
</testsuite> <!-- com.PracticeTest.MavenProject.SeleniumTest -->
